
--- Module:   ..\..\firmware\eep\src\eep_flash.c (C)

--- Module:   ..\..\firmware\extif\src\extif_flash.c (C)

--- Module:   ..\..\firmware\globals\src\globals_flash.c (C)

--- Module:   ..\..\firmware\init\src\init_flash.c (C)

--- Module:   ..\..\firmware\lfrx\src\lfrx_flash.c (C)

--- Module:   ..\..\firmware\lfrx\src\lfrx_immo.c (C)

--- Module:   ..\..\firmware\spi\src\ata5700_command_set.c (C)

--- Module:   ..\..\firmware\system\src\system_flash.c (C)

--- Module:   ..\..\firmware\timer3\src\timer3_flash.c (C)

--- Module:   ..\..\firmware\timer4\src\timer4_flash.c (C)

--- Module:   ..\..\firmware\tp\src\tp_flash.c (C)

--- Module:   ..\..\appl\appFlash\src\FlashAppl.c (C)

/// Start of Pass 2 ///

--- Module:   ..\..\firmware\eep\src\eep_flash.c (C)

--- Module:   ..\..\firmware\extif\src\extif_flash.c (C)

--- Module:   ..\..\firmware\globals\src\globals_flash.c (C)

--- Module:   ..\..\firmware\init\src\init_flash.c (C)

--- Module:   ..\..\firmware\lfrx\src\lfrx_flash.c (C)

--- Module:   ..\..\firmware\lfrx\src\lfrx_immo.c (C)

--- Module:   ..\..\firmware\spi\src\ata5700_command_set.c (C)

--- Module:   ..\..\firmware\system\src\system_flash.c (C)

--- Module:   ..\..\firmware\timer3\src\timer3_flash.c (C)

--- Module:   ..\..\firmware\timer4\src\timer4_flash.c (C)

--- Module:   ..\..\firmware\tp\src\tp_flash.c (C)

--- Module:   ..\..\appl\appFlash\src\FlashAppl.c (C)
